[0m16:29:27.837707 [debug] [MainThread]: Sending event: {'category': 'dbt', 'action': 'invocation', 'label': 'start', 'context': [<snowplow_tracker.self_describing_json.SelfDescribingJson object at 0x1098ba780>, <snowplow_tracker.self_describing_json.SelfDescribingJson object at 0x10b0fbfe0>, <snowplow_tracker.self_describing_json.SelfDescribingJson object at 0x10b0fbfb0>]}


============================== 16:29:27.840593 | 78bc0a26-22e1-4a06-8654-773846448961 ==============================
[0m16:29:27.840593 [info ] [MainThread]: Running with dbt=1.11.11
[0m16:29:27.840895 [debug] [MainThread]: running dbt with arguments {'warn_error': 'None', 'no_print': 'None', 'debug': 'False', 'warn_error_options': 'WarnErrorOptionsV2(error=[], warn=[], silence=[])', 'version_check': 'True', 'log_format': 'default', 'log_path': 'logs', 'log_cache_events': 'False', 'printer_width': '80', 'invocation_command': 'dbt docs generate', 'fail_fast': 'False', 'target_path': 'None', 'indirect_selection': 'eager', 'use_colors': 'True', 'static_parser': 'True', 'cache_selected_only': 'False', 'quiet': 'False', 'write_json': 'True', 'profiles_dir': '/Users/janispuris/.dbt', 'partial_parse': 'True', 'introspect': 'True', 'empty': 'None', 'use_experimental_parser': 'False', 'send_anonymous_usage_stats': 'True'}
[0m16:29:27.841203 [error] [MainThread]: Encountered an error:
Runtime Error
  No dbt_project.yml found at expected path /Users/janispuris/projects/dbt-docs-on-github-demo/dbt_project.yml
  Verify that each entry within packages.yml (and their transitive dependencies) contains a file named dbt_project.yml
  
[0m16:29:27.842989 [debug] [MainThread]: Resource report: {"command_name": "generate", "command_success": false, "command_wall_clock_time": 0.043971, "process_in_blocks": "0", "process_kernel_time": 0.081978, "process_mem_max_rss": "111673344", "process_out_blocks": "0", "process_user_time": 0.650172}
[0m16:29:27.843252 [debug] [MainThread]: Command `dbt docs generate` failed at 16:29:27.843206 after 0.04 seconds
[0m16:29:27.843420 [debug] [MainThread]: Sending event: {'category': 'dbt', 'action': 'invocation', 'label': 'end', 'context': [<snowplow_tracker.self_describing_json.SelfDescribingJson object at 0x10b0fbe60>, <snowplow_tracker.self_describing_json.SelfDescribingJson object at 0x10b055a60>, <snowplow_tracker.self_describing_json.SelfDescribingJson object at 0x109865430>]}
[0m16:29:27.843578 [debug] [MainThread]: Flushing usage events
[0m16:29:28.279318 [debug] [MainThread]: An error was encountered while trying to flush usage events
[0m16:29:50.720110 [debug] [MainThread]: Sending event: {'category': 'dbt', 'action': 'invocation', 'label': 'start', 'context': [<snowplow_tracker.self_describing_json.SelfDescribingJson object at 0x111977860>, <snowplow_tracker.self_describing_json.SelfDescribingJson object at 0x1122fbfe0>, <snowplow_tracker.self_describing_json.SelfDescribingJson object at 0x1122fbf20>]}


============================== 16:29:50.722335 | 470d857d-3fc7-4392-965d-5179317ce07c ==============================
[0m16:29:50.722335 [info ] [MainThread]: Running with dbt=1.11.11
[0m16:29:50.722614 [debug] [MainThread]: running dbt with arguments {'warn_error': 'None', 'send_anonymous_usage_stats': 'True', 'static_parser': 'True', 'target_path': 'None', 'invocation_command': 'dbt docs generate', 'log_format': 'default', 'version_check': 'True', 'profiles_dir': '/Users/janispuris/.dbt', 'empty': 'None', 'log_path': 'logs', 'use_colors': 'True', 'log_cache_events': 'False', 'debug': 'False', 'no_print': 'None', 'indirect_selection': 'eager', 'partial_parse': 'True', 'printer_width': '80', 'warn_error_options': 'WarnErrorOptionsV2(error=[], warn=[], silence=[])', 'introspect': 'True', 'fail_fast': 'False', 'cache_selected_only': 'False', 'use_experimental_parser': 'False', 'quiet': 'False', 'write_json': 'True'}
[0m16:29:50.722889 [error] [MainThread]: Encountered an error:
Runtime Error
  No dbt_project.yml found at expected path /Users/janispuris/projects/dbt-docs-on-github-demo/dbt_project.yml
  Verify that each entry within packages.yml (and their transitive dependencies) contains a file named dbt_project.yml
  
[0m16:29:50.724102 [debug] [MainThread]: Resource report: {"command_name": "generate", "command_success": false, "command_wall_clock_time": 0.039690793, "process_in_blocks": "0", "process_kernel_time": 0.073441, "process_mem_max_rss": "112214016", "process_out_blocks": "0", "process_user_time": 0.657164}
[0m16:29:50.724364 [debug] [MainThread]: Command `dbt docs generate` failed at 16:29:50.724321 after 0.04 seconds
[0m16:29:50.724520 [debug] [MainThread]: Sending event: {'category': 'dbt', 'action': 'invocation', 'label': 'end', 'context': [<snowplow_tracker.self_describing_json.SelfDescribingJson object at 0x111be4140>, <snowplow_tracker.self_describing_json.SelfDescribingJson object at 0x111977860>, <snowplow_tracker.self_describing_json.SelfDescribingJson object at 0x1122fbec0>]}
[0m16:29:50.724667 [debug] [MainThread]: Flushing usage events
[0m16:29:51.183663 [debug] [MainThread]: An error was encountered while trying to flush usage events
